<?xml version="1.0" encoding="UTF-8"?>
<testsuite name="ru.nsu.kuzminov.GraphIncMtxTest" tests="24" skipped="0" failures="0" errors="0" timestamp="2024-10-25T18:05:30" hostname="fedora" time="0.156">
  <properties/>
  <testcase name="addVertex1()" classname="ru.nsu.kuzminov.GraphIncMtxTest" time="0.037"/>
  <testcase name="addVertex2()" classname="ru.nsu.kuzminov.GraphIncMtxTest" time="0.006"/>
  <testcase name="addEdge()" classname="ru.nsu.kuzminov.GraphIncMtxTest" time="0.003"/>
  <testcase name="testEqualsWithAdjListFalse()" classname="ru.nsu.kuzminov.GraphIncMtxTest" time="0.007"/>
  <testcase name="removeVertex()" classname="ru.nsu.kuzminov.GraphIncMtxTest" time="0.003"/>
  <testcase name="addEdgeException1()" classname="ru.nsu.kuzminov.GraphIncMtxTest" time="0.007"/>
  <testcase name="addEdgeException2()" classname="ru.nsu.kuzminov.GraphIncMtxTest" time="0.003"/>
  <testcase name="topologicalSortCycle()" classname="ru.nsu.kuzminov.GraphIncMtxTest" time="0.003"/>
  <testcase name="testEqualsSame()" classname="ru.nsu.kuzminov.GraphIncMtxTest" time="0.003"/>
  <testcase name="readFromFileTest()" classname="ru.nsu.kuzminov.GraphIncMtxTest" time="0.002"/>
  <testcase name="testEqualsWithAdjMtxTrue()" classname="ru.nsu.kuzminov.GraphIncMtxTest" time="0.005"/>
  <testcase name="removeVertexException()" classname="ru.nsu.kuzminov.GraphIncMtxTest" time="0.002"/>
  <testcase name="testEqualsWithIncMtxNew()" classname="ru.nsu.kuzminov.GraphIncMtxTest" time="0.002"/>
  <testcase name="getNeighbors()" classname="ru.nsu.kuzminov.GraphIncMtxTest" time="0.002"/>
  <testcase name="testEqualsWithAdjMtxFalse()" classname="ru.nsu.kuzminov.GraphIncMtxTest" time="0.001"/>
  <testcase name="testEqualsWithAnotherClass()" classname="ru.nsu.kuzminov.GraphIncMtxTest" time="0.002"/>
  <testcase name="removeEdge()" classname="ru.nsu.kuzminov.GraphIncMtxTest" time="0.002"/>
  <testcase name="getNeighborsException()" classname="ru.nsu.kuzminov.GraphIncMtxTest" time="0.002"/>
  <testcase name="testEqualsWithAdjListTrue()" classname="ru.nsu.kuzminov.GraphIncMtxTest" time="0.001"/>
  <testcase name="allEdges()" classname="ru.nsu.kuzminov.GraphIncMtxTest" time="0.002"/>
  <testcase name="removeEdgeException1()" classname="ru.nsu.kuzminov.GraphIncMtxTest" time="0.002"/>
  <testcase name="removeEdgeException2()" classname="ru.nsu.kuzminov.GraphIncMtxTest" time="0.003"/>
  <testcase name="topologicalSort()" classname="ru.nsu.kuzminov.GraphIncMtxTest" time="0.002"/>
  <testcase name="testConstructor()" classname="ru.nsu.kuzminov.GraphIncMtxTest" time="0.002"/>
  <system-out><![CDATA[]]></system-out>
  <system-err><![CDATA[]]></system-err>
</testsuite>
