<?xml version="1.0" encoding="UTF-8"?>
<testsuite name="ru.nsu.kuzminov.ParallelStreamsSearchTest" tests="2" skipped="0" failures="0" errors="0" timestamp="2025-03-03T07:37:35" hostname="fedora" time="0.014">
  <properties/>
  <testcase name="search1()" classname="ru.nsu.kuzminov.ParallelStreamsSearchTest" time="0.005"/>
  <testcase name="search2()" classname="ru.nsu.kuzminov.ParallelStreamsSearchTest" time="0.007"/>
  <system-out><![CDATA[]]></system-out>
  <system-err><![CDATA[]]></system-err>
</testsuite>
