<?xml version="1.0" encoding="UTF-8"?>
<testsuite name="ru.nsu.kuzminov.MulTest" tests="4" skipped="0" failures="0" errors="0" timestamp="2024-10-28T06:11:15" hostname="fedora" time="0.122">
  <properties/>
  <testcase name="testDerivative()" classname="ru.nsu.kuzminov.MulTest" time="0.082"/>
  <testcase name="testEvalOne()" classname="ru.nsu.kuzminov.MulTest" time="0.004"/>
  <testcase name="testEvalTwo()" classname="ru.nsu.kuzminov.MulTest" time="0.02"/>
  <testcase name="testPrint()" classname="ru.nsu.kuzminov.MulTest" time="0.004"/>
  <system-out><![CDATA[]]></system-out>
  <system-err><![CDATA[]]></system-err>
</testsuite>
